Using pre-set license
Built from '2022.3/staging' branch; Version is '2022.3.22f1 (887be4894c44) revision 8944612'; Using compiler version '192829333'; Build Type 'Release'
OS: 'Windows 11  (10.0.22631) 64bit Professional' Language: 'en' Physical Memory: 16133 MB
BatchMode: 1, IsHumanControllingUs: 0, StartBugReporterOnCrash: 0, Is64bit: 1, IsPro: 1

COMMAND LINE ARGUMENTS:
C:\Program Files\Unity\Hub\Editor\2022.3.22f1\Editor\Unity.exe
-adb2
-batchMode
-noUpm
-name
AssetImportWorker0
-projectPath
C:/Users/elsne/OneDrive/Documents/Clowning-Around/Assets
-logFile
Logs/AssetImportWorker0.log
-srvPort
50526
Successfully changed project path to: C:/Users/elsne/OneDrive/Documents/Clowning-Around/Assets
C:/Users/elsne/OneDrive/Documents/Clowning-Around/Assets
[UnityMemory] Configuration Parameters - Can be set up in boot.config
    "memorysetup-bucket-allocator-granularity=16"
    "memorysetup-bucket-allocator-bucket-count=8"
    "memorysetup-bucket-allocator-block-size=33554432"
    "memorysetup-bucket-allocator-block-count=8"
    "memorysetup-main-allocator-block-size=16777216"
    "memorysetup-thread-allocator-block-size=16777216"
    "memorysetup-gfx-main-allocator-block-size=16777216"
    "memorysetup-gfx-thread-allocator-block-size=16777216"
    "memorysetup-cache-allocator-block-size=4194304"
    "memorysetup-typetree-allocator-block-size=2097152"
    "memorysetup-profiler-bucket-allocator-granularity=16"
    "memorysetup-profiler-bucket-allocator-bucket-count=8"
    "memorysetup-profiler-bucket-allocator-block-size=33554432"
    "memorysetup-profiler-bucket-allocator-block-count=8"
    "memorysetup-profiler-allocator-block-size=16777216"
    "memorysetup-profiler-editor-allocator-block-size=1048576"
    "memorysetup-temp-allocator-size-main=16777216"
    "memorysetup-job-temp-allocator-block-size=2097152"
    "memorysetup-job-temp-allocator-block-size-background=1048576"
    "memorysetup-job-temp-allocator-reduction-small-platforms=262144"
    "memorysetup-allocator-temp-initial-block-size-main=262144"
    "memorysetup-allocator-temp-initial-block-size-worker=262144"
    "memorysetup-temp-allocator-size-background-worker=32768"
    "memorysetup-temp-allocator-size-job-worker=262144"
    "memorysetup-temp-allocator-size-preload-manager=33554432"
    "memorysetup-temp-allocator-size-nav-mesh-worker=65536"
    "memorysetup-temp-allocator-size-audio-worker=65536"
    "memorysetup-temp-allocator-size-cloud-worker=32768"
    "memorysetup-temp-allocator-size-gi-baking-worker=262144"
    "memorysetup-temp-allocator-size-gfx=262144"
Player connection [14324] Host "[IP] 192.168.5.1 [Port] 0 [Flags] 2 [Guid] 2161959735 [EditorId] 2161959735 [Version] 1048832 [Id] WindowsEditor(7,Ethan) [Debug] 1 [PackageName] WindowsEditor [ProjectName] Editor" joined multi-casting on [225.0.0.222:54997]...

Player connection [14324] Host "[IP] 192.168.5.1 [Port] 0 [Flags] 2 [Guid] 2161959735 [EditorId] 2161959735 [Version] 1048832 [Id] WindowsEditor(7,Ethan) [Debug] 1 [PackageName] WindowsEditor [ProjectName] Editor" joined alternative multi-casting on [225.0.0.222:34997]...

[Physics::Module] Initialized MultithreadedJobDispatcher with 7 workers.
Refreshing native plugins compatible for Editor in 11.02 ms, found 2 plugins.
Preloading 0 native plugins for Editor in 0.00 ms.
Initialize engine version: 2022.3.22f1 (887be4894c44)
[Subsystems] Discovering subsystems at path C:/Program Files/Unity/Hub/Editor/2022.3.22f1/Editor/Data/Resources/UnitySubsystems
[Subsystems] Discovering subsystems at path C:/Users/elsne/OneDrive/Documents/Clowning-Around/Assets/Assets
GfxDevice: creating device client; threaded=0; jobified=0
Direct3D:
    Version:  Direct3D 11.0 [level 11.1]
    Renderer: NVIDIA GeForce MX350 (ID=0x1c94)
    Vendor:   NVIDIA
    VRAM:     1978 MB
    Driver:   31.0.15.4626
Initialize mono
Mono path[0] = 'C:/Program Files/Unity/Hub/Editor/2022.3.22f1/Editor/Data/Managed'
Mono path[1] = 'C:/Program Files/Unity/Hub/Editor/2022.3.22f1/Editor/Data/MonoBleedingEdge/lib/mono/unityjit-win32'
Mono config path = 'C:/Program Files/Unity/Hub/Editor/2022.3.22f1/Editor/Data/MonoBleedingEdge/etc'
Using monoOptions --debugger-agent=transport=dt_socket,embedding=1,server=y,suspend=n,address=127.0.0.1:56532
Begin MonoManager ReloadAssembly
Registering precompiled unity dll's ...
Register platform support module: C:/Program Files/Unity/Hub/Editor/2022.3.22f1/Editor/Data/PlaybackEngines/WindowsStandaloneSupport/UnityEditor.WindowsStandalone.Extensions.dll
Registered in 0.007704 seconds.
- Loaded All Assemblies, in  0.554 seconds
Native extension for WindowsStandalone target not found
Mono: successfully reloaded assembly
- Finished resetting the current domain, in  0.476 seconds
Domain Reload Profiling: 1028ms
	BeginReloadAssembly (156ms)
		ExecutionOrderSort (0ms)
		DisableScriptedObjects (0ms)
		BackupInstance (0ms)
		ReleaseScriptingObjects (0ms)
		CreateAndSetChildDomain (1ms)
	RebuildCommonClasses (53ms)
	RebuildNativeTypeToScriptingClass (16ms)
	initialDomainReloadingComplete (93ms)
	LoadAllAssembliesAndSetupDomain (233ms)
		LoadAssemblies (153ms)
		RebuildTransferFunctionScriptingTraits (0ms)
		AnalyzeDomain (230ms)
			TypeCache.Refresh (228ms)
				TypeCache.ScanAssembly (204ms)
			ScanForSourceGeneratedMonoScriptInfo (0ms)
			ResolveRequiredComponents (1ms)
	FinalizeReload (477ms)
		ReleaseScriptCaches (0ms)
		RebuildScriptCaches (0ms)
		SetupLoadedEditorAssemblies (372ms)
			LogAssemblyErrors (0ms)
			InitializePlatformSupportModulesInManaged (16ms)
			SetLoadedEditorAssemblies (14ms)
			RefreshPlugins (0ms)
			BeforeProcessingInitializeOnLoad (4ms)
			ProcessInitializeOnLoadAttributes (255ms)
			ProcessInitializeOnLoadMethodAttributes (83ms)
			AfterProcessingInitializeOnLoad (0ms)
			EditorAssembliesLoaded (0ms)
		ExecutionOrderSort2 (0ms)
		AwakeInstancesAfterBackupRestoration (0ms)
========================================================================
Worker process is ready to serve import requests
Begin MonoManager ReloadAssembly
- Loaded All Assemblies, in  0.905 seconds
Refreshing native plugins compatible for Editor in 5.80 ms, found 2 plugins.
Native extension for WindowsStandalone target not found
Mono: successfully reloaded assembly
- Finished resetting the current domain, in  0.881 seconds
Domain Reload Profiling: 1783ms
	BeginReloadAssembly (227ms)
		ExecutionOrderSort (0ms)
		DisableScriptedObjects (7ms)
		BackupInstance (0ms)
		ReleaseScriptingObjects (0ms)
		CreateAndSetChildDomain (33ms)
	RebuildCommonClasses (80ms)
	RebuildNativeTypeToScriptingClass (18ms)
	initialDomainReloadingComplete (69ms)
	LoadAllAssembliesAndSetupDomain (506ms)
		LoadAssemblies (384ms)
		RebuildTransferFunctionScriptingTraits (0ms)
		AnalyzeDomain (246ms)
			TypeCache.Refresh (201ms)
				TypeCache.ScanAssembly (179ms)
			ScanForSourceGeneratedMonoScriptInfo (34ms)
			ResolveRequiredComponents (10ms)
	FinalizeReload (882ms)
		ReleaseScriptCaches (0ms)
		RebuildScriptCaches (0ms)
		SetupLoadedEditorAssemblies (614ms)
			LogAssemblyErrors (0ms)
			InitializePlatformSupportModulesInManaged (9ms)
			SetLoadedEditorAssemblies (6ms)
			RefreshPlugins (0ms)
			BeforeProcessingInitializeOnLoad (113ms)
			ProcessInitializeOnLoadAttributes (421ms)
			ProcessInitializeOnLoadMethodAttributes (55ms)
			AfterProcessingInitializeOnLoad (9ms)
			EditorAssembliesLoaded (0ms)
		ExecutionOrderSort2 (0ms)
		AwakeInstancesAfterBackupRestoration (11ms)
Launched and connected shader compiler UnityShaderCompiler.exe after 0.09 seconds
Refreshing native plugins compatible for Editor in 6.19 ms, found 2 plugins.
Preloading 0 native plugins for Editor in 0.00 ms.
Unloading 3832 Unused Serialized files (Serialized files now loaded: 0)
Unloading 58 unused Assets / (57.3 KB). Loaded Objects now: 4304.
Memory consumption went from 138.3 MB to 138.2 MB.
Total: 4.754900 ms (FindLiveObjects: 0.419200 ms CreateObjectMapping: 0.283000 ms MarkObjects: 3.892900 ms  DeleteObjects: 0.157900 ms)

AssetImportParameters requested are different than current active one (requested -> active):
  custom:container-demuxer-ogg: 62fdf1f143b41e24485cea50d1cbac27 -> 
  custom:video-codec-MediaFoundation-h265: 746d11721c4dcdbdad8f713fa42b33f4 -> 
  custom:video-decoder-ogg-theora: a1e56fd34408186e4bbccfd4996cb3dc -> 
  custom:framework-win-MediaFoundation: 216162199b28c13a410421893ffa2e32 -> 
  custom:CustomObjectIndexerAttribute: 9a22284fe3817be447336de3de66b15e -> 
  custom:container-demuxer-webm: 4f35f7cbe854078d1ac9338744f61a02 -> 
  custom:container-muxer-webm: aa71ff27fc2769a1b78a27578f13a17b -> 
  custom:video-decoder-webm-vp8: 9c59270c3fd7afecdb556c50c9e8de78 -> 
  custom:SearchIndexIgnoredProperties: e643bd26f0fe6173181afceb89e7c659 -> 
  custom:AudioImporter_EditorPlatform: d09bf68614088b80899f8185d706f6e7 -> 
  custom:video-encoder-webm-vp8: eb34c28f22e8b96e1ab97ce403110664 -> 
  custom:audio-decoder-ogg-vorbis: bf7c407c2cedff20999df2af8eb42d56 -> 
  custom:audio-encoder-webm-vorbis: bf7c407c2cedff20999df2af8eb42d56 -> 
========================================================================
Received Import Request.
  Time since last request: 2041.286713 seconds.
  path: Assets/City Intersection Block.png
  artifactKey: Guid(2579e425a8a4ac14c96be9b1869c9e11) Importer(815301076,1909f56bfc062723c751e8b465ee728b)
Start importing Assets/City Intersection Block.png using Guid(2579e425a8a4ac14c96be9b1869c9e11) Importer(815301076,1909f56bfc062723c751e8b465ee728b)  -> (artifact id: 'c0d982d1dbff492fec0b741781fb116f') in 0.132883 seconds
Number of updated asset objects reloaded before import = 0
Number of asset objects unloaded after import = 3
========================================================================
Received Import Request.
  Time since last request: 0.000037 seconds.
  path: Assets/Cracked Streat Block (Vertical).asset
  artifactKey: Guid(d667029b1c1dfe241acf28c405a2fe93) Importer(815301076,1909f56bfc062723c751e8b465ee728b)
Start importing Assets/Cracked Streat Block (Vertical).asset using Guid(d667029b1c1dfe241acf28c405a2fe93) Importer(815301076,1909f56bfc062723c751e8b465ee728b)  -> (artifact id: 'a2e865901e6e3f3163bb62be961a572e') in 0.018946 seconds
Number of updated asset objects reloaded before import = 0
Number of asset objects unloaded after import = 3
========================================================================
Received Import Request.
  Time since last request: 0.000021 seconds.
  path: Assets/Clown_Sprite_1___Front_Walk_Animation_3_-removebg-preview.png
  artifactKey: Guid(9ff3311b30abceb4fa13e1ef42dde042) Importer(815301076,1909f56bfc062723c751e8b465ee728b)
Start importing Assets/Clown_Sprite_1___Front_Walk_Animation_3_-removebg-preview.png using Guid(9ff3311b30abceb4fa13e1ef42dde042) Importer(815301076,1909f56bfc062723c751e8b465ee728b)  -> (artifact id: '80c0c070e24c3e65add62cef60a4149a') in 0.024801 seconds
Number of updated asset objects reloaded before import = 0
Number of asset objects unloaded after import = 3
========================================================================
Received Import Request.
  Time since last request: 0.000018 seconds.
  path: Assets/Clown_Sprite_1___Front_Walk_Animation_1_-removebg-preview.asset
  artifactKey: Guid(ddd8dc2f5ff9a0d48ac515d365ebf516) Importer(815301076,1909f56bfc062723c751e8b465ee728b)
Start importing Assets/Clown_Sprite_1___Front_Walk_Animation_1_-removebg-preview.asset using Guid(ddd8dc2f5ff9a0d48ac515d365ebf516) Importer(815301076,1909f56bfc062723c751e8b465ee728b)  -> (artifact id: 'a21ee1d5dc8b1d445378dc56750297c6') in 0.008746 seconds
Number of updated asset objects reloaded before import = 0
Number of asset objects unloaded after import = 3
========================================================================
Received Import Request.
  Time since last request: 0.000024 seconds.
  path: Assets/Cracked Streat Block (Horizontal).png
  artifactKey: Guid(6c155e26878a42d49a8080780a267700) Importer(815301076,1909f56bfc062723c751e8b465ee728b)
Start importing Assets/Cracked Streat Block (Horizontal).png using Guid(6c155e26878a42d49a8080780a267700) Importer(815301076,1909f56bfc062723c751e8b465ee728b)  -> (artifact id: '0d2de74a6a944c258fcc561d75f71997') in 0.013205 seconds
Number of updated asset objects reloaded before import = 0
Number of asset objects unloaded after import = 3
========================================================================
Received Import Request.
  Time since last request: 0.000081 seconds.
  path: Assets/ClownSprite_1__Sad_face_-removebg-preview.png
  artifactKey: Guid(71edc11b765628440aee5909389408e8) Importer(815301076,1909f56bfc062723c751e8b465ee728b)
Start importing Assets/ClownSprite_1__Sad_face_-removebg-preview.png using Guid(71edc11b765628440aee5909389408e8) Importer(815301076,1909f56bfc062723c751e8b465ee728b)  -> (artifact id: 'f696dfff97a2ad8e18245f340ef8cd28') in 0.012829 seconds
Number of updated asset objects reloaded before import = 0
Number of asset objects unloaded after import = 3
========================================================================
Received Import Request.
  Time since last request: 0.000021 seconds.
  path: Assets/Clown_Sprite_1___Front_Walk_Animation_4_-removebg-preview.png
  artifactKey: Guid(cfe86fa6e296e114bbf1bc48b48e166a) Importer(815301076,1909f56bfc062723c751e8b465ee728b)
Start importing Assets/Clown_Sprite_1___Front_Walk_Animation_4_-removebg-preview.png using Guid(cfe86fa6e296e114bbf1bc48b48e166a) Importer(815301076,1909f56bfc062723c751e8b465ee728b)  -> (artifact id: 'f7b57b88d6ce9e517b313f3807efd105') in 0.015181 seconds
Number of updated asset objects reloaded before import = 0
Number of asset objects unloaded after import = 3
========================================================================
Received Import Request.
  Time since last request: 0.000017 seconds.
  path: Assets/Clown_Sprite_Outfil-removebg-preview.png
  artifactKey: Guid(560b7c3f62afcbd44a5510ea2984675e) Importer(815301076,1909f56bfc062723c751e8b465ee728b)
Start importing Assets/Clown_Sprite_Outfil-removebg-preview.png using Guid(560b7c3f62afcbd44a5510ea2984675e) Importer(815301076,1909f56bfc062723c751e8b465ee728b)  -> (artifact id: '8472213e326bffc53617fabe2234bf62') in 0.012894 seconds
Number of updated asset objects reloaded before import = 0
Number of asset objects unloaded after import = 3
========================================================================
Received Import Request.
  Time since last request: 0.000016 seconds.
  path: Assets/Clown_Sprite_1___Front_Walk_Animation_2_-removebg-preview.png
  artifactKey: Guid(ec242f8da715c5d43810d9f31d2b02c2) Importer(815301076,1909f56bfc062723c751e8b465ee728b)
Start importing Assets/Clown_Sprite_1___Front_Walk_Animation_2_-removebg-preview.png using Guid(ec242f8da715c5d43810d9f31d2b02c2) Importer(815301076,1909f56bfc062723c751e8b465ee728b)  -> (artifact id: '1a3e32d7408b3caa9d1f295bf13717c7') in 0.013794 seconds
Number of updated asset objects reloaded before import = 0
Number of asset objects unloaded after import = 3
========================================================================
Received Import Request.
  Time since last request: 0.000021 seconds.
  path: Assets/Map Design.prefab
  artifactKey: Guid(0386162d504768f449696f6f41c69460) Importer(815301076,1909f56bfc062723c751e8b465ee728b)
Start importing Assets/Map Design.prefab using Guid(0386162d504768f449696f6f41c69460) Importer(815301076,1909f56bfc062723c751e8b465ee728b)  -> (artifact id: '2bcd42e5e02d5aac8b044dc2b40d3ec5') in 0.058330 seconds
Number of updated asset objects reloaded before import = 0
Number of asset objects unloaded after import = 22
========================================================================
Received Import Request.
  Time since last request: 1.176121 seconds.
  path: Assets/Normal Street Block (Horizontal).asset
  artifactKey: Guid(4997878c997cdf44392d1a0aea4127fe) Importer(815301076,1909f56bfc062723c751e8b465ee728b)
Start importing Assets/Normal Street Block (Horizontal).asset using Guid(4997878c997cdf44392d1a0aea4127fe) Importer(815301076,1909f56bfc062723c751e8b465ee728b)  -> (artifact id: 'a47a8129a56e925f4c095d802f65652f') in 0.009020 seconds
Number of updated asset objects reloaded before import = 0
Number of asset objects unloaded after import = 3
========================================================================
Received Import Request.
  Time since last request: 0.000020 seconds.
  path: Assets/Normal Street Block (Vertical).png
  artifactKey: Guid(7ba99b8af59cb6e4d9e3c16dcedb7a7c) Importer(815301076,1909f56bfc062723c751e8b465ee728b)
Start importing Assets/Normal Street Block (Vertical).png using Guid(7ba99b8af59cb6e4d9e3c16dcedb7a7c) Importer(815301076,1909f56bfc062723c751e8b465ee728b)  -> (artifact id: '3ade509f5dcc53b4c3b84cacb78053ec') in 0.017719 seconds
Number of updated asset objects reloaded before import = 0
Number of asset objects unloaded after import = 3
========================================================================
Received Import Request.
  Time since last request: 0.212931 seconds.
  path: Assets/Sprite_1__Back_Animation_2_-removebg-preview.png
  artifactKey: Guid(b4b930ab4170d74419c5909cfb93c66f) Importer(815301076,1909f56bfc062723c751e8b465ee728b)
Start importing Assets/Sprite_1__Back_Animation_2_-removebg-preview.png using Guid(b4b930ab4170d74419c5909cfb93c66f) Importer(815301076,1909f56bfc062723c751e8b465ee728b)  -> (artifact id: 'c07bb0ac8dfe3d201f21a12281f297bc') in 0.016834 seconds
Number of updated asset objects reloaded before import = 0
Number of asset objects unloaded after import = 3
========================================================================
Received Import Request.
  Time since last request: 0.000021 seconds.
  path: Assets/Sprite_1__Back_View_-removebg-preview.png
  artifactKey: Guid(7df1db7c0633c824fb4a7c1cb990651d) Importer(815301076,1909f56bfc062723c751e8b465ee728b)
Start importing Assets/Sprite_1__Back_View_-removebg-preview.png using Guid(7df1db7c0633c824fb4a7c1cb990651d) Importer(815301076,1909f56bfc062723c751e8b465ee728b)  -> (artifact id: '07d005053f8a99c94b267b72cb5c982d') in 0.018218 seconds
Number of updated asset objects reloaded before import = 0
Number of asset objects unloaded after import = 3
========================================================================
Received Import Request.
  Time since last request: 0.000412 seconds.
  path: Assets/Sprite_1__Back_Animation_4_-removebg-preview.png
  artifactKey: Guid(cbe06494c7979b949b0f5c9c8e5f4ddc) Importer(815301076,1909f56bfc062723c751e8b465ee728b)
Start importing Assets/Sprite_1__Back_Animation_4_-removebg-preview.png using Guid(cbe06494c7979b949b0f5c9c8e5f4ddc) Importer(815301076,1909f56bfc062723c751e8b465ee728b)  -> (artifact id: '8a37394eb2790265188834799dad4fe9') in 0.012164 seconds
Number of updated asset objects reloaded before import = 0
Number of asset objects unloaded after import = 3
========================================================================
Received Import Request.
  Time since last request: 35.350161 seconds.
  path: Assets/Sprite_1__Right_Walk_Animation_1_-removebg-preview.png
  artifactKey: Guid(4bbb76832533dd74f9974a9c12efb940) Importer(815301076,1909f56bfc062723c751e8b465ee728b)
Start importing Assets/Sprite_1__Right_Walk_Animation_1_-removebg-preview.png using Guid(4bbb76832533dd74f9974a9c12efb940) Importer(815301076,1909f56bfc062723c751e8b465ee728b)  -> (artifact id: '7304dd0335cf54b2ff9f6128fc64e32e') in 0.032945 seconds
Number of updated asset objects reloaded before import = 0
Number of asset objects unloaded after import = 3
========================================================================
Received Prepare
Begin MonoManager ReloadAssembly
- Loaded All Assemblies, in  0.583 seconds
Refreshing native plugins compatible for Editor in 5.12 ms, found 2 plugins.
Native extension for WindowsStandalone target not found
Mono: successfully reloaded assembly
- Finished resetting the current domain, in  1.233 seconds
Domain Reload Profiling: 1811ms
	BeginReloadAssembly (209ms)
		ExecutionOrderSort (0ms)
		DisableScriptedObjects (18ms)
		BackupInstance (0ms)
		ReleaseScriptingObjects (0ms)
		CreateAndSetChildDomain (46ms)
	RebuildCommonClasses (51ms)
	RebuildNativeTypeToScriptingClass (14ms)
	initialDomainReloadingComplete (42ms)
	LoadAllAssembliesAndSetupDomain (261ms)
		LoadAssemblies (332ms)
		RebuildTransferFunctionScriptingTraits (0ms)
		AnalyzeDomain (40ms)
			TypeCache.Refresh (10ms)
				TypeCache.ScanAssembly (0ms)
			ScanForSourceGeneratedMonoScriptInfo (21ms)
			ResolveRequiredComponents (8ms)
	FinalizeReload (1234ms)
		ReleaseScriptCaches (0ms)
		RebuildScriptCaches (0ms)
		SetupLoadedEditorAssemblies (560ms)
			LogAssemblyErrors (0ms)
			InitializePlatformSupportModulesInManaged (7ms)
			SetLoadedEditorAssemblies (4ms)
			RefreshPlugins (0ms)
			BeforeProcessingInitializeOnLoad (103ms)
			ProcessInitializeOnLoadAttributes (385ms)
			ProcessInitializeOnLoadMethodAttributes (50ms)
			AfterProcessingInitializeOnLoad (11ms)
			EditorAssembliesLoaded (0ms)
		ExecutionOrderSort2 (0ms)
		AwakeInstancesAfterBackupRestoration (17ms)
Refreshing native plugins compatible for Editor in 5.34 ms, found 2 plugins.
Preloading 0 native plugins for Editor in 0.00 ms.
Unloading 3821 Unused Serialized files (Serialized files now loaded: 0)
Unloading 26 unused Assets / (31.1 KB). Loaded Objects now: 4324.
Memory consumption went from 141.8 MB to 141.8 MB.
Total: 4.742200 ms (FindLiveObjects: 0.378800 ms CreateObjectMapping: 0.211400 ms MarkObjects: 4.078000 ms  DeleteObjects: 0.072700 ms)

Prepare: number of updated asset objects reloaded= 0
AssetImportParameters requested are different than current active one (requested -> active):
  custom:container-demuxer-ogg: 62fdf1f143b41e24485cea50d1cbac27 -> 
  custom:video-codec-MediaFoundation-h265: 746d11721c4dcdbdad8f713fa42b33f4 -> 
  custom:video-decoder-ogg-theora: a1e56fd34408186e4bbccfd4996cb3dc -> 
  custom:framework-win-MediaFoundation: 216162199b28c13a410421893ffa2e32 -> 
  custom:CustomObjectIndexerAttribute: 9a22284fe3817be447336de3de66b15e -> 
  custom:container-demuxer-webm: 4f35f7cbe854078d1ac9338744f61a02 -> 
  custom:container-muxer-webm: aa71ff27fc2769a1b78a27578f13a17b -> 
  custom:video-decoder-webm-vp8: 9c59270c3fd7afecdb556c50c9e8de78 -> 
  custom:SearchIndexIgnoredProperties: e643bd26f0fe6173181afceb89e7c659 -> 
  custom:AudioImporter_EditorPlatform: d09bf68614088b80899f8185d706f6e7 -> 
  custom:video-encoder-webm-vp8: eb34c28f22e8b96e1ab97ce403110664 -> 
  custom:audio-decoder-ogg-vorbis: bf7c407c2cedff20999df2af8eb42d56 -> 
  custom:audio-encoder-webm-vorbis: bf7c407c2cedff20999df2af8eb42d56 -> 
========================================================================
Received Import Request.
  Time since last request: 13.288268 seconds.
  path: Assets/Sprite_1_Side_View_Left_-removebg-preview.png
  artifactKey: Guid(0566a2d496ab80b448f278744bcbe080) Importer(815301076,1909f56bfc062723c751e8b465ee728b)
Start importing Assets/Sprite_1_Side_View_Left_-removebg-preview.png using Guid(0566a2d496ab80b448f278744bcbe080) Importer(815301076,1909f56bfc062723c751e8b465ee728b)  -> (artifact id: 'a364b33292ca49f2a1be50af9152d9a3') in 0.093047 seconds
Number of updated asset objects reloaded before import = 0
Number of asset objects unloaded after import = 3
========================================================================
Received Import Request.
  Time since last request: 0.000034 seconds.
  path: Assets/Sprite_1_Side_View_Right_4_-removebg-preview.png
  artifactKey: Guid(78518fae6ddd27845a7143af8124bd71) Importer(815301076,1909f56bfc062723c751e8b465ee728b)
Start importing Assets/Sprite_1_Side_View_Right_4_-removebg-preview.png using Guid(78518fae6ddd27845a7143af8124bd71) Importer(815301076,1909f56bfc062723c751e8b465ee728b)  -> (artifact id: 'eb7fcc6e54f32d8b6d57c4a38e0bf65f') in 0.013140 seconds
Number of updated asset objects reloaded before import = 0
Number of asset objects unloaded after import = 3
Editor requested this worker to shutdown with reason: Scaling down because of idle timeout
TcpMessagingSession - receive error: operation aborted. errorcode: 995, details: The I/O operation has been aborted because of either a thread exit or an application request.
AssetImportWorker is now disconnected from the server
Process exiting
Exiting without the bug reporter. Application will terminate with return code 0